<?xml version="1.0" encoding="UTF-8"?>
<!-- Generated by org.testng.reporters.JUnitXMLReporter -->
<testsuite ignored="0" hostname="MT-PG02HEP4" failures="1" tests="1" name="Test4" time="11.632" errors="0" timestamp="2021-11-17T05:44:09 IST">
  <testcase classname="com.mindtree.TestPack.TextValidationTest" name="ValidatingText" time="0.211">
    <failure type="java.lang.AssertionError" message="expected [What&amp;apos;s new] but found [What&amp;apos;s New]">
      <![CDATA[java.lang.AssertionError: expected [What's new] but found [What's New]
at com.mindtree.TestPack.TextValidationTest.ValidatingText(TextValidationTest.java:44)
at java.base/java.util.ArrayList.forEach(ArrayList.java:1541)
... Removed 34 stack frames]]>
    </failure>
  </testcase> <!-- ValidatingText -->
</testsuite> <!-- Test4 -->
