<?xml version="1.0" encoding="UTF-8"?>
<testsuite xmlns:xsi="http://www.w3.org/2001/XMLSchema-instance" xsi:noNamespaceSchemaLocation="https://maven.apache.org/surefire/maven-surefire-plugin/xsd/surefire-test-report-3.0.xsd" version="3.0" name="TestSuite" time="250.252" tests="10" errors="0" skipped="0" failures="1">
  <properties>
[...]
</properties>
  <testcase name="LoginTestMethod[shubhampan1411@gmail.com, Shubham@123](1)" classname="com.mindtree.TestPack.LoginTest" time="10.858">
    <system-out><![CDATA[shubhampan1411@gmail.com
Shubham@123
chrome
11-22-2021 13:54:22 LoginTest.java INFO  [main] reusablecomponents.Base 32 - 
11-22-2021 13:54:29 LoginTest.java INFO  [main] reusablecomponents.Base 34 - Gifts Online - Send Unique, Unusual Gifts in India, Buy Gifts– Bigsmall.in
11-22-2021 13:54:29 LoginTest.java INFO  [main] reusablecomponents.Base 45 - Class Instantiated
11-22-2021 13:54:33 LoginTest.java INFO  [main] reusablecomponents.Base 48 - Clicked on Login
11-22-2021 13:54:33 LoginTest.java INFO  [main] reusablecomponents.Base 52 - UserName Entered
11-22-2021 13:54:34 LoginTest.java INFO  [main] reusablecomponents.Base 56 - Password Entered
11-22-2021 13:54:40 LoginTest.java INFO  [main] reusablecomponents.Base 60 - Clicked on Submit
]]></system-out>
    <system-err><![CDATA[log4j:WARN No such property [maxBackupIndex] in com.mindtree.utilities.Log.
log4j:WARN No such property [maxFileSize] in com.mindtree.utilities.Log.
SLF4J: Failed to load class "org.slf4j.impl.StaticLoggerBinder".
SLF4J: Defaulting to no-operation (NOP) logger implementation
SLF4J: See http://www.slf4j.org/codes.html#StaticLoggerBinder for further details.
Starting ChromeDriver 96.0.4664.45 (76e4c1bb2ab4671b8beba3444e61c0f17584b2fc-refs/branch-heads/4664@{#947}) on port 61518
Only local connections are allowed.
Please see https://chromedriver.chromium.org/security-considerations for suggestions on keeping ChromeDriver safe.
ChromeDriver was started successfully.
Nov 22, 2021 1:54:22 PM org.openqa.selenium.remote.ProtocolHandshake createSession
INFO: Detected dialect: W3C
Nov 22, 2021 1:54:22 PM org.openqa.selenium.devtools.CdpVersionFinder findNearestMatch
WARNING: Unable to find an exact match for CDP version 96, so returning the closest version found: 95
Nov 22, 2021 1:54:22 PM org.openqa.selenium.devtools.CdpVersionFinder findNearestMatch
INFO: Found CDP implementation for version 96 of 95
]]></system-err>
  </testcase>
  <testcase name="CartTestMethod[shubhampan1411@gmail.com, Shubham, Pandey, Sain Vihar, Vijay Nagar, Ghaziabad](1)" classname="com.mindtree.TestPack.CartTest" time="27.313">
    <system-out><![CDATA[11-22-2021 13:54:42 LoginTest.java INFO  [main] reusablecomponents.Base 95 - driver closed
shubhampan1411@gmail.com
Shubham
Pandey
Sain Vihar
Vijay Nagar
Ghaziabad
chrome
11-22-2021 13:54:45 CartTest.java INFO  [main] reusablecomponents.Base 38 - 
11-22-2021 13:54:53 CartTest.java INFO  [main] reusablecomponents.Base 40 - Gifts Online - Send Unique, Unusual Gifts in India, Buy Gifts– Bigsmall.in
11-22-2021 13:54:53 CartTest.java INFO  [main] reusablecomponents.Base 52 - Class Instantiated
11-22-2021 13:54:58 CartTest.java INFO  [main] reusablecomponents.Base 55 - Clicked on the product diplayed
11-22-2021 13:54:59 CartTest.java INFO  [main] reusablecomponents.Base 62 - Product added to the wishList
11-22-2021 13:54:59 CartTest.java INFO  [main] reusablecomponents.Base 68 - Product added to the cart
11-22-2021 13:55:01 CartTest.java INFO  [main] reusablecomponents.Base 74 - confirmation
11-22-2021 13:55:01 CartTest.java INFO  [main] reusablecomponents.Base 79 - Displayed txt is:Receive updates on
WhatsApp
Receive updates on
WhatsApp
11-22-2021 13:55:02 CartTest.java INFO  [main] reusablecomponents.Base 84 - Country Code Entered
11-22-2021 13:55:02 CartTest.java INFO  [main] reusablecomponents.Base 88 - Phone Number Entered
11-22-2021 13:55:02 CartTest.java INFO  [main] reusablecomponents.Base 92 - Clicked on submit
11-22-2021 13:55:11 CartTest.java INFO  [main] reusablecomponents.Base 98 - Mail Entered:shubhampan1411@gmail.com
11-22-2021 13:55:11 CartTest.java INFO  [main] reusablecomponents.Base 102 - First Name Entered:Shubham
11-22-2021 13:55:11 CartTest.java INFO  [main] reusablecomponents.Base 106 - Last Name Entered:Pandey
11-22-2021 13:55:11 CartTest.java INFO  [main] reusablecomponents.Base 110 - Address Entered:Sain Vihar
11-22-2021 13:55:12 CartTest.java INFO  [main] reusablecomponents.Base 114 - Landmark Entered:Vijay Nagar
11-22-2021 13:55:12 CartTest.java INFO  [main] reusablecomponents.Base 118 - City Entered:Ghaziabad
11-22-2021 13:55:12 CartTest.java INFO  [main] reusablecomponents.Base 122 - India selected
11-22-2021 13:55:12 CartTest.java INFO  [main] reusablecomponents.Base 126 - State selected
11-22-2021 13:55:13 CartTest.java INFO  [main] reusablecomponents.Base 130 - PIN Code entered:
11-22-2021 13:55:13 CartTest.java INFO  [main] reusablecomponents.Base 134 - Here is a Bug Website is takeing invalid phone Number:
11-22-2021 13:55:20 CartTest.java INFO  [main] reusablecomponents.Base 138 - Clicked on continue
11-22-2021 13:55:20 CartTest.java INFO  [main] reusablecomponents.Base 144 - Payment option Displayd
]]></system-out>
    <system-err><![CDATA[Starting ChromeDriver 96.0.4664.45 (76e4c1bb2ab4671b8beba3444e61c0f17584b2fc-refs/branch-heads/4664@{#947}) on port 60284
Only local connections are allowed.
Please see https://chromedriver.chromium.org/security-considerations for suggestions on keeping ChromeDriver safe.
ChromeDriver was started successfully.
Cleaning up unclosed ZipFile for archive C:\Users\Shubham Pandey\eclipse-workspace\CompreHybrid\testdata\Data.xlsx
Nov 22, 2021 1:54:45 PM org.openqa.selenium.remote.ProtocolHandshake createSession
INFO: Detected dialect: W3C
Nov 22, 2021 1:54:45 PM org.openqa.selenium.devtools.CdpVersionFinder findNearestMatch
WARNING: Unable to find an exact match for CDP version 96, so returning the closest version found: 95
Nov 22, 2021 1:54:45 PM org.openqa.selenium.devtools.CdpVersionFinder findNearestMatch
INFO: Found CDP implementation for version 96 of 95
]]></system-err>
  </testcase>
  <testcase name="CodCheckMethod" classname="com.mindtree.TestPack.CodTest" time="8.913">
    <system-out><![CDATA[11-22-2021 13:55:21 CartTest.java INFO  [main] reusablecomponents.Base 183 - driver closed
chrome
11-22-2021 13:55:24 CodTest.java INFO  [main] reusablecomponents.Base 31 - 
11-22-2021 13:55:32 CodTest.java INFO  [main] reusablecomponents.Base 33 - Gifts Online - Send Unique, Unusual Gifts in India, Buy Gifts– Bigsmall.in
11-22-2021 13:55:32 CodTest.java INFO  [main] reusablecomponents.Base 42 - Class Instantiated
11-22-2021 13:55:36 CodTest.java INFO  [main] reusablecomponents.Base 45 - Clicked on product:
11-22-2021 13:55:37 CodTest.java INFO  [main] reusablecomponents.Base 49 - pincode entered:
COD availability
11-22-2021 13:55:37 CodTest.java INFO  [main] reusablecomponents.Base 56 - Operation done
11-22-2021 13:55:40 CodTest.java INFO  [main] reusablecomponents.Base 60 - Correclty asserted
11-22-2021 13:55:40 CodTest.java INFO  [main] reusablecomponents.Base 61 - COD Status is:Cash on Delivery is available.
COD Status is:Cash on Delivery is available.
]]></system-out>
    <system-err><![CDATA[Starting ChromeDriver 96.0.4664.45 (76e4c1bb2ab4671b8beba3444e61c0f17584b2fc-refs/branch-heads/4664@{#947}) on port 52994
Only local connections are allowed.
Please see https://chromedriver.chromium.org/security-considerations for suggestions on keeping ChromeDriver safe.
ChromeDriver was started successfully.
Nov 22, 2021 1:55:24 PM org.openqa.selenium.remote.ProtocolHandshake createSession
INFO: Detected dialect: W3C
Nov 22, 2021 1:55:24 PM org.openqa.selenium.devtools.CdpVersionFinder findNearestMatch
WARNING: Unable to find an exact match for CDP version 96, so returning the closest version found: 95
Nov 22, 2021 1:55:24 PM org.openqa.selenium.devtools.CdpVersionFinder findNearestMatch
INFO: Found CDP implementation for version 96 of 95
]]></system-err>
  </testcase>
  <testcase name="ContactTestMethod[Shubham Pandey, shubhampan1411@gmail.com, Thankyou for Giving such a good delivery services](1)" classname="com.mindtree.TestPack.ContactTest" time="9.887">
    <system-out><![CDATA[11-22-2021 13:55:41 CodTest.java INFO  [main] reusablecomponents.Base 77 - driver closed
Shubham Pandey
shubhampan1411@gmail.com
Thankyou for Giving such a good delivery services
chrome
11-22-2021 13:55:45 ContactTest.java INFO  [main] reusablecomponents.Base 31 - 
11-22-2021 13:55:53 ContactTest.java INFO  [main] reusablecomponents.Base 33 - Gifts Online - Send Unique, Unusual Gifts in India, Buy Gifts– Bigsmall.in
11-22-2021 13:55:53 ContactTest.java INFO  [main] reusablecomponents.Base 42 - Class Instantiated
11-22-2021 13:55:57 ContactTest.java INFO  [main] reusablecomponents.Base 46 - Clicked on Contact us:
11-22-2021 13:55:57 ContactTest.java INFO  [main] reusablecomponents.Base 51 - Name entered:
11-22-2021 13:55:58 ContactTest.java INFO  [main] reusablecomponents.Base 56 - mail Entered
11-22-2021 13:55:58 ContactTest.java INFO  [main] reusablecomponents.Base 60 - Message Entered
11-22-2021 13:56:02 ContactTest.java INFO  [main] reusablecomponents.Base 66 - submission done
]]></system-out>
    <system-err><![CDATA[Starting ChromeDriver 96.0.4664.45 (76e4c1bb2ab4671b8beba3444e61c0f17584b2fc-refs/branch-heads/4664@{#947}) on port 53466
Only local connections are allowed.
Please see https://chromedriver.chromium.org/security-considerations for suggestions on keeping ChromeDriver safe.
ChromeDriver was started successfully.
Nov 22, 2021 1:55:45 PM org.openqa.selenium.remote.ProtocolHandshake createSession
INFO: Detected dialect: W3C
Nov 22, 2021 1:55:45 PM org.openqa.selenium.devtools.CdpVersionFinder findNearestMatch
WARNING: Unable to find an exact match for CDP version 96, so returning the closest version found: 95
Nov 22, 2021 1:55:45 PM org.openqa.selenium.devtools.CdpVersionFinder findNearestMatch
INFO: Found CDP implementation for version 96 of 95
]]></system-err>
  </testcase>
  <testcase name="CorporateGiftsTestMethod" classname="com.mindtree.TestPack.CorporateGiftsTest" time="10.567">
    <system-out><![CDATA[11-22-2021 13:56:03 ContactTest.java INFO  [main] reusablecomponents.Base 101 - driver closed
chrome
11-22-2021 13:56:06 CorporateGiftsTest.java INFO  [main] reusablecomponents.Base 34 - 
11-22-2021 13:56:14 CorporateGiftsTest.java INFO  [main] reusablecomponents.Base 36 - Gifts Online - Send Unique, Unusual Gifts in India, Buy Gifts– Bigsmall.in
11-22-2021 13:56:14 CorporateGiftsTest.java INFO  [main] reusablecomponents.Base 47 - Class Instantiated
11-22-2021 13:56:18 CorporateGiftsTest.java INFO  [main] reusablecomponents.Base 50 - Clicked on Corporate Gifts
11-22-2021 13:56:19 CorporateGiftsTest.java INFO  [main] reusablecomponents.Base 56 - Name Entered
11-22-2021 13:56:19 CorporateGiftsTest.java INFO  [main] reusablecomponents.Base 60 - Mail Entered
11-22-2021 13:56:19 CorporateGiftsTest.java INFO  [main] reusablecomponents.Base 64 - Here is Bug Because Site is taking invalid Phone Number
11-22-2021 13:56:19 CorporateGiftsTest.java INFO  [main] reusablecomponents.Base 68 - Message Enterd
11-22-2021 13:56:24 CorporateGiftsTest.java INFO  [main] reusablecomponents.Base 72 - Submitted
11-22-2021 13:56:24 CorporateGiftsTest.java INFO  [main] reusablecomponents.Base 77 - Operation done
]]></system-out>
    <system-err><![CDATA[Starting ChromeDriver 96.0.4664.45 (76e4c1bb2ab4671b8beba3444e61c0f17584b2fc-refs/branch-heads/4664@{#947}) on port 62848
Only local connections are allowed.
Please see https://chromedCleaning up unclosed ZipFile for archive C:\Users\Shubham Pandey\eclipse-workspace\CompreHybrid\testdata\Data.xlsx
river.chromium.org/security-considerations for suggestions on keeping ChromeDriver safe.
ChromeDriver was started successfully.
Nov 22, 2021 1:56:06 PM org.openqa.selenium.remote.ProtocolHandshake createSession
INFO: Detected dialect: W3C
Nov 22, 2021 1:56:06 PM org.openqa.selenium.devtools.CdpVersionFinder findNearestMatch
WARNING: Unable to find an exact match for CDP version 96, so returning the closest version found: 95
Nov 22, 2021 1:56:06 PM org.openqa.selenium.devtools.CdpVersionFinder findNearestMatch
INFO: Found CDP implementation for version 96 of 95
]]></system-err>
  </testcase>
  <testcase name="LatestProductTestMethod" classname="com.mindtree.TestPack.LatestProductTest" time="9.599">
    <system-out><![CDATA[11-22-2021 13:56:24 CorporateGiftsTest.java INFO  [main] reusablecomponents.Base 89 - driver closed
chrome
11-22-2021 13:56:28 LatestProductTest.java INFO  [main] reusablecomponents.Base 31 - 
11-22-2021 13:56:35 LatestProductTest.java INFO  [main] reusablecomponents.Base 33 - Gifts Online - Send Unique, Unusual Gifts in India, Buy Gifts– Bigsmall.in
11-22-2021 13:56:35 LatestProductTest.java INFO  [main] reusablecomponents.Base 42 - Class Instantiated
Product availables:48
11-22-2021 13:56:40 LatestProductTest.java INFO  [main] reusablecomponents.Base 50 - Number of Product availables:48
Harry Potter Hedwig Post Cards - Pack of 5
Rs. 299
11-22-2021 13:56:40 LatestProductTest.java INFO  [main] reusablecomponents.Base 56 - Available products:Harry Potter Hedwig Post Cards - Pack of 5
Rs. 299
Cruiser Mechanical Model Kit
Rs. 2,230
11-22-2021 13:56:40 LatestProductTest.java INFO  [main] reusablecomponents.Base 56 - Available products:Cruiser Mechanical Model Kit
Rs. 2,230
Retro Car 3D Mechanical Puzzle
Rs. 5,349
11-22-2021 13:56:40 LatestProductTest.java INFO  [main] reusablecomponents.Base 56 - Available products:Retro Car 3D Mechanical Puzzle
Rs. 5,349
Animal Plush Gel Eye Mask
Rs. 399
11-22-2021 13:56:41 LatestProductTest.java INFO  [main] reusablecomponents.Base 56 - Available products:Animal Plush Gel Eye Mask
Rs. 399
Belaz 75600 3D Mechanical Puzzle
Rs. 6,340
11-22-2021 13:56:41 LatestProductTest.java INFO  [main] reusablecomponents.Base 56 - Available products:Belaz 75600 3D Mechanical Puzzle
Rs. 6,340
Travel Pocket Diary
Rs. 199
11-22-2021 13:56:41 LatestProductTest.java INFO  [main] reusablecomponents.Base 56 - Available products:Travel Pocket Diary
Rs. 199
Little Hearts Greeting Card - Set of 3
Rs. 299
11-22-2021 13:56:41 LatestProductTest.java INFO  [main] reusablecomponents.Base 56 - Available products:Little Hearts Greeting Card - Set of 3
Rs. 299
Sea Shell & Mermaid Desk Organizer
Rs. 899
11-22-2021 13:56:41 LatestProductTest.java INFO  [main] reusablecomponents.Base 56 - Available products:Sea Shell & Mermaid Desk Organizer
Rs. 899
Stainless Steel Bamboo Bottle
Rs. 999
11-22-2021 13:56:41 LatestProductTest.java INFO  [main] reusablecomponents.Base 56 - Available products:Stainless Steel Bamboo Bottle
Rs. 999
Floral Greeting Card - Set of 3 (Assorted Design)
Rs. 299
11-22-2021 13:56:41 LatestProductTest.java INFO  [main] reusablecomponents.Base 56 - Available products:Floral Greeting Card - Set of 3 (Assorted Design)
Rs. 299
Tractor Mechanical Model Kit
Rs. 6,420
11-22-2021 13:56:41 LatestProductTest.java INFO  [main] reusablecomponents.Base 56 - Available products:Tractor Mechanical Model Kit
Rs. 6,420
Trebuchet 3D Mechanical Puzzle
Rs. 3,390
11-22-2021 13:56:41 LatestProductTest.java INFO  [main] reusablecomponents.Base 56 - Available products:Trebuchet 3D Mechanical Puzzle
Rs. 3,390
Dragonfly Fridge Magnet - Set of 2
Rs. 299
11-22-2021 13:56:41 LatestProductTest.java INFO  [main] reusablecomponents.Base 56 - Available products:Dragonfly Fridge Magnet - Set of 2
Rs. 299
Lemon Printed File Organizer
Rs. 499
11-22-2021 13:56:41 LatestProductTest.java INFO  [main] reusablecomponents.Base 56 - Available products:Lemon Printed File Organizer
Rs. 499
Mr. Crocodile Bookmark - Set of 2
Rs. 299
11-22-2021 13:56:41 LatestProductTest.java INFO  [main] reusablecomponents.Base 56 - Available products:Mr. Crocodile Bookmark - Set of 2
Rs. 299
Dreamcatcher Journal
Rs. 399
11-22-2021 13:56:41 LatestProductTest.java INFO  [main] reusablecomponents.Base 56 - Available products:Dreamcatcher Journal
Rs. 399
Cassette Tape Bookmark
Rs. 350
11-22-2021 13:56:41 LatestProductTest.java INFO  [main] reusablecomponents.Base 56 - Available products:Cassette Tape Bookmark
Rs. 350
Artistic Sketch Book
Rs. 599
11-22-2021 13:56:42 LatestProductTest.java INFO  [main] reusablecomponents.Base 56 - Available products:Artistic Sketch Book
Rs. 599
Retro Boombox Bookmark
Rs. 350
11-22-2021 13:56:42 LatestProductTest.java INFO  [main] reusablecomponents.Base 56 - Available products:Retro Boombox Bookmark
Rs. 350
Dachshund Dog Magnets - Set of 6 magnets
1 review
Rs. 299
11-22-2021 13:56:42 LatestProductTest.java INFO  [main] reusablecomponents.Base 56 - Available products:Dachshund Dog Magnets - Set of 6 magnets
1 review
Rs. 299
Kitty Fridge Magnet - Set of 2
Rs. 299
11-22-2021 13:56:42 LatestProductTest.java INFO  [main] reusablecomponents.Base 56 - Available products:Kitty Fridge Magnet - Set of 2
Rs. 299
Robie The Robo Bookmark
Rs. 350
11-22-2021 13:56:42 LatestProductTest.java INFO  [main] reusablecomponents.Base 56 - Available products:Robie The Robo Bookmark
Rs. 350
Batman File Organizer
Rs. 499
11-22-2021 13:56:42 LatestProductTest.java INFO  [main] reusablecomponents.Base 56 - Available products:Batman File Organizer
Rs. 499
Sorting Hat File Keeper
Rs. 499
11-22-2021 13:56:42 LatestProductTest.java INFO  [main] reusablecomponents.Base 56 - Available products:Sorting Hat File Keeper
Rs. 499
Cartoon Superhero Keychain
Rs. 250
11-22-2021 13:56:42 LatestProductTest.java INFO  [main] reusablecomponents.Base 56 - Available products:Cartoon Superhero Keychain
Rs. 250
Nativity Scene Mechanical Model
Rs. 1,240
11-22-2021 13:56:42 LatestProductTest.java INFO  [main] reusablecomponents.Base 56 - Available products:Nativity Scene Mechanical Model
Rs. 1,240
Naruto Chibi Action Figure - Set of 6
Rs. 4,500
11-22-2021 13:56:43 LatestProductTest.java INFO  [main] reusablecomponents.Base 56 - Available products:Naruto Chibi Action Figure - Set of 6
Rs. 4,500
Dice Keeper 3D Puzzle
Rs. 1,330
11-22-2021 13:56:43 LatestProductTest.java INFO  [main] reusablecomponents.Base 56 - Available products:Dice Keeper 3D Puzzle
Rs. 1,330
Friends Bobbleheads
Rs. 899
11-22-2021 13:56:43 LatestProductTest.java INFO  [main] reusablecomponents.Base 56 - Available products:Friends Bobbleheads
Rs. 899
Set of Rails with Crossing Model
Rs. 3,295
11-22-2021 13:56:43 LatestProductTest.java INFO  [main] reusablecomponents.Base 56 - Available products:Set of Rails with Crossing Model
Rs. 3,295
Stagecoach Mechanical Model
Rs. 3,295
11-22-2021 13:56:43 LatestProductTest.java INFO  [main] reusablecomponents.Base 56 - Available products:Stagecoach Mechanical Model
Rs. 3,295
Star & Moon Curtain LED Lights
Rs. 1,099
11-22-2021 13:56:43 LatestProductTest.java INFO  [main] reusablecomponents.Base 56 - Available products:Star & Moon Curtain LED Lights
Rs. 1,099
Handmade Buddha Diary
Rs. 399
11-22-2021 13:56:43 LatestProductTest.java INFO  [main] reusablecomponents.Base 56 - Available products:Handmade Buddha Diary
Rs. 399
3D Angel Wings Mug with Saucer
Rs. 999
11-22-2021 13:56:43 LatestProductTest.java INFO  [main] reusablecomponents.Base 56 - Available products:3D Angel Wings Mug with Saucer
Rs. 999
Batman Planner Tear-Off Pad With Magnet
Rs. 399
11-22-2021 13:56:43 LatestProductTest.java INFO  [main] reusablecomponents.Base 56 - Available products:Batman Planner Tear-Off Pad With Magnet
Rs. 399
3D Wooden Card Holder Model
Rs. 3,650
11-22-2021 13:56:43 LatestProductTest.java INFO  [main] reusablecomponents.Base 56 - Available products:3D Wooden Card Holder Model
Rs. 3,650
Astro To-Do-List With Magnet
Rs. 399
11-22-2021 13:56:43 LatestProductTest.java INFO  [main] reusablecomponents.Base 56 - Available products:Astro To-Do-List With Magnet
Rs. 399
Harry Potter To-Do-List With Magnet
Rs. 399
11-22-2021 13:56:43 LatestProductTest.java INFO  [main] reusablecomponents.Base 56 - Available products:Harry Potter To-Do-List With Magnet
Rs. 399
Antique Box Mechanical Model
Rs. 3,650
11-22-2021 13:56:43 LatestProductTest.java INFO  [main] reusablecomponents.Base 56 - Available products:Antique Box Mechanical Model
Rs. 3,650
Heavy Boy Truck Trailer VM-03 Mechanical Model
Rs. 2,670
11-22-2021 13:56:43 LatestProductTest.java INFO  [main] reusablecomponents.Base 56 - Available products:Heavy Boy Truck Trailer VM-03 Mechanical Model
Rs. 2,670
Shell Pearl Night Light
Rs. 1,299
11-22-2021 13:56:43 LatestProductTest.java INFO  [main] reusablecomponents.Base 56 - Available products:Shell Pearl Night Light
Rs. 1,299
Sunset Projection Lamp
Rs. 899
11-22-2021 13:56:44 LatestProductTest.java INFO  [main] reusablecomponents.Base 56 - Available products:Sunset Projection Lamp
Rs. 899
Rock On Stand
Rs. 1,499
11-22-2021 13:56:44 LatestProductTest.java INFO  [main] reusablecomponents.Base 56 - Available products:Rock On Stand
Rs. 1,499
Glittery Bear Keychain
Rs. 250
11-22-2021 13:56:44 LatestProductTest.java INFO  [main] reusablecomponents.Base 56 - Available products:Glittery Bear Keychain
Rs. 250
Truck UGM-11 Additions Mechanical Model - Set of 3
Rs. 6,330
11-22-2021 13:56:44 LatestProductTest.java INFO  [main] reusablecomponents.Base 56 - Available products:Truck UGM-11 Additions Mechanical Model - Set of 3
Rs. 6,330
Metallic Globe Pendant with Miniature Binoculars
Rs. 399
11-22-2021 13:56:44 LatestProductTest.java INFO  [main] reusablecomponents.Base 56 - Available products:Metallic Globe Pendant with Miniature Binoculars
Rs. 399
8-Piece Entertainment Serving Set
Rs. 2,999
11-22-2021 13:56:44 LatestProductTest.java INFO  [main] reusablecomponents.Base 56 - Available products:8-Piece Entertainment Serving Set
Rs. 2,999
David Beckham Bobblehead
Rs. 599
11-22-2021 13:56:44 LatestProductTest.java INFO  [main] reusablecomponents.Base 56 - Available products:David Beckham Bobblehead
Rs. 599
]]></system-out>
    <system-err><![CDATA[Starting ChromeDriver 96.0.4664.45 (76e4c1bb2ab4671b8beba3444e61c0f17584b2fc-refs/branch-heads/4664@{#947}) on port 61449
Only local connections are allowed.
Please see https://chromedriver.chromium.org/security-considerations for suggestions on keeping ChromeDriver safe.
ChromeDriver was started successfully.
Nov 22, 2021 1:56:28 PM org.openqa.selenium.remote.ProtocolHandshake createSession
INFO: Detected dialect: W3C
Nov 22, 2021 1:56:28 PM org.openqa.selenium.devtools.CdpVersionFinder findNearestMatch
WARNING: Unable to find an exact match for CDP version 96, so returning the closest version found: 95
Nov 22, 2021 1:56:28 PM org.openqa.selenium.devtools.CdpVersionFinder findNearestMatch
INFO: Found CDP implementation for version 96 of 95
]]></system-err>
  </testcase>
  <testcase name="MerchandizeTestMethod" classname="com.mindtree.TestPack.MerchandizeTest" time="12.311">
    <system-out><![CDATA[11-22-2021 13:56:46 LatestProductTest.java INFO  [main] reusablecomponents.Base 70 - driver closed
chrome
11-22-2021 13:56:49 MerchandizeTest.java INFO  [main] reusablecomponents.Base 33 - 
11-22-2021 13:56:56 MerchandizeTest.java INFO  [main] reusablecomponents.Base 35 - Gifts Online - Send Unique, Unusual Gifts in India, Buy Gifts– Bigsmall.in
11-22-2021 13:56:56 MerchandizeTest.java INFO  [main] reusablecomponents.Base 45 - Class Instantiated
11-22-2021 13:56:56 MerchandizeTest.java INFO  [main] reusablecomponents.Base 48 - Hovering over a Dynamaic Dropdown
11-22-2021 13:57:01 MerchandizeTest.java INFO  [main] reusablecomponents.Base 55 - Value Selected in dynamic DropDown
11-22-2021 13:57:01 MerchandizeTest.java INFO  [main] reusablecomponents.Base 57 - Marvel Merchandise - Buy Official Marvel Merchandise Toys Online– Bigsmall.in
11-22-2021 13:57:06 MerchandizeTest.java INFO  [main] reusablecomponents.Base 60 - Value selected in Sort dropdown
Expected Result Found
11-22-2021 13:57:07 MerchandizeTest.java INFO  [main] reusablecomponents.Base 66 - Expected Value Matched
]]></system-out>
    <system-err><![CDATA[Starting ChromeDriver 96.0.4664.45 (76e4c1bb2ab4671b8beba3444e61c0f17584b2fc-refs/branch-heads/4664@{#947}) on port 53435
Only local connections are allowed.
Please see https://chromedriver.chromium.org/security-considerations for suggestions on keeping ChromeDriver safe.
ChromeDriver was started successfully.
Nov 22, 2021 1:56:48 PM org.openqa.selenium.remote.ProtocolHandshake createSession
INFO: Detected dialect: W3C
Nov 22, 2021 1:56:48 PM org.openqa.selenium.devtools.CdpVersionFinder findNearestMatch
WARNING: Unable to find an exact match for CDP version 96, so returning the closest version found: 95
Nov 22, 2021 1:56:48 PM org.openqa.selenium.devtools.CdpVersionFinder findNearestMatch
INFO: Found CDP implementation for version 96 of 95
]]></system-err>
  </testcase>
  <testcase name="HeaderLinkTestMethod" classname="com.mindtree.TestPack.HeaderLinkTest" time="12.243">
    <system-out><![CDATA[11-22-2021 13:57:12 MerchandizeTest.java INFO  [main] reusablecomponents.Base 81 - driver closed
chrome
11-22-2021 13:57:15 HeaderLinkTest.java INFO  [main] reusablecomponents.Base 37 - 
11-22-2021 13:57:22 HeaderLinkTest.java INFO  [main] reusablecomponents.Base 39 - Gifts Online - Send Unique, Unusual Gifts in India, Buy Gifts– Bigsmall.in
11-22-2021 13:57:22 HeaderLinkTest.java INFO  [main] reusablecomponents.Base 52 - Class Instatiated
Number of links present in the page are:99
11-22-2021 13:57:23 HeaderLinkTest.java INFO  [main] reusablecomponents.Base 57 - Number of links present in the page are99
11-22-2021 13:57:24 HeaderLinkTest.java INFO  [main] reusablecomponents.Base 67 - All Links without dropdown are opened
11-22-2021 13:57:24 HeaderLinkTest.java INFO  [main] reusablecomponents.Base 72 - Handling Multiple Windows
11-22-2021 13:57:24 HeaderLinkTest.java INFO  [main] reusablecomponents.Base 80 - Parent Window
11-22-2021 13:57:24 HeaderLinkTest.java INFO  [main] reusablecomponents.Base 82 - Switched to Parent Window
11-22-2021 13:57:24 HeaderLinkTest.java INFO  [main] reusablecomponents.Base 84 - Header Section Displayed
11-22-2021 13:57:24 HeaderLinkTest.java INFO  [main] reusablecomponents.Base 87 - Child Window1
11-22-2021 13:57:24 HeaderLinkTest.java INFO  [main] reusablecomponents.Base 89 - Switched to Child1 Window
11-22-2021 13:57:31 HeaderLinkTest.java INFO  [main] reusablecomponents.Base 93 - Product displayed in Buy Most Popular Gifts Online - The Most Popular Gift Ideas [2021]– Bigsmall.in Child Window
11-22-2021 13:57:31 HeaderLinkTest.java INFO  [main] reusablecomponents.Base 96 - Child Window2
11-22-2021 13:57:31 HeaderLinkTest.java INFO  [main] reusablecomponents.Base 98 - Switched to Child2 Window
11-22-2021 13:57:32 HeaderLinkTest.java INFO  [main] reusablecomponents.Base 102 - Product displayed in Secret Santa Gifts - Secret Santa Gift Ideas– Bigsmall.in Child Window
11-22-2021 13:57:32 HeaderLinkTest.java INFO  [main] reusablecomponents.Base 105 - Child Window3
11-22-2021 13:57:32 HeaderLinkTest.java INFO  [main] reusablecomponents.Base 107 - Switched to Child3 Window
11-22-2021 13:57:33 HeaderLinkTest.java INFO  [main] reusablecomponents.Base 111 - Product displayed in Christmas Gifts Online (2021) - Unique Christmas Gift, Secret Santa Gifts– Bigsmall.in Child Window
11-22-2021 13:57:33 HeaderLinkTest.java INFO  [main] reusablecomponents.Base 114 - Child Window4
11-22-2021 13:57:33 HeaderLinkTest.java INFO  [main] reusablecomponents.Base 116 - Switched to Child4 Window
11-22-2021 13:57:33 HeaderLinkTest.java INFO  [main] reusablecomponents.Base 120 - Product displayed in New Unique Gift Online [2021] - Buy/Send Latest, Quirky Unusual Gifts– Bigsmall.in Child Window
11-22-2021 13:57:33 HeaderLinkTest.java INFO  [main] reusablecomponents.Base 124 - Child Window5
11-22-2021 13:57:33 HeaderLinkTest.java INFO  [main] reusablecomponents.Base 126 - Switched to Child5 Window
11-22-2021 13:57:34 HeaderLinkTest.java INFO  [main] reusablecomponents.Base 130 - Product displayed in Personalized Gifts - Buy Unique Customized Gift Online in India [2021]– Bigsmall.in Child Window
]]></system-out>
    <system-err><![CDATA[Starting ChromeDriver 96.0.4664.45 (76e4c1bb2ab4671b8beba3444e61c0f17584b2fc-refs/branch-heads/4664@{#947}) on port 55375
Only local connections are allowed.
Please see https://chromedriver.chromium.org/security-considerations for suggestions on keeping ChromeDriver safe.
ChromeDriver was started successfully.
Nov 22, 2021 1:57:15 PM org.openqa.selenium.remote.ProtocolHandshake createSession
INFO: Detected dialect: W3C
Nov 22, 2021 1:57:15 PM org.openqa.selenium.devtools.CdpVersionFinder findNearestMatch
WARNING: Unable to find an exact match for CDP version 96, so returning the closest version found: 95
Nov 22, 2021 1:57:15 PM org.openqa.selenium.devtools.CdpVersionFinder findNearestMatch
INFO: Found CDP implementation for version 96 of 95
]]></system-err>
  </testcase>
  <testcase name="GiftCardTestMethod" classname="com.mindtree.TestPack.GiftCardTest" time="8.658">
    <failure message="expected [Shubham] but found [Gift Card]" type="java.lang.AssertionError"><![CDATA[java.lang.AssertionError: expected [Shubham] but found [Gift Card]
	at com.mindtree.TestPack.GiftCardTest.GiftCardTestMethod(GiftCardTest.java:71)
]]></failure>
    <system-out><![CDATA[11-22-2021 13:57:35 HeaderLinkTest.java INFO  [main] reusablecomponents.Base 146 - driver closed
11-22-2021 13:57:36 HeaderLinkTest.java INFO  [main] reusablecomponents.Base 149 - driver quit
chrome
11-22-2021 13:57:39 GiftCardTest.java INFO  [main] reusablecomponents.Base 30 - 
11-22-2021 13:57:47 GiftCardTest.java INFO  [main] reusablecomponents.Base 32 - Gifts Online - Send Unique, Unusual Gifts in India, Buy Gifts– Bigsmall.in
11-22-2021 13:57:47 GiftCardTest.java INFO  [main] reusablecomponents.Base 42 - Class Instantiated
11-22-2021 13:57:52 GiftCardTest.java INFO  [main] reusablecomponents.Base 45 - Clicked on GiftIcon
11-22-2021 13:57:52 GiftCardTest.java INFO  [main] reusablecomponents.Base 48 - Clicked on Price
11-22-2021 13:57:53 GiftCardTest.java INFO  [main] reusablecomponents.Base 54 - Clicked on pluss Button
11-22-2021 13:57:53 GiftCardTest.java INFO  [main] reusablecomponents.Base 57 - Clicked on addcart
11-22-2021 13:57:55 GiftCardTest.java INFO  [main] reusablecomponents.Base 60 - Clicked on continue shoping
Gift Card
11-22-2021 13:57:55 GiftCardTest.java INFO  [main] reusablecomponents.Base 64 - available phrase: Gift Card
11-22-2021 13:57:55 ExtentLogUtilities.java ERROR [main] reusablecomponents.Base 21 - Task Done
]]></system-out>
    <system-err><![CDATA[Starting ChromeDriver 96.0.4664.45 (76e4c1bb2ab4671b8beba3444e61c0f17584b2fc-refs/branch-heads/4664@{#947}) on port 49275
Only local connections are allowed.
Please see https://chromedriver.chromium.org/security-considerations for suggestions on keeping ChromeDriver safe.
ChromeDriver was started successfully.
Nov 22, 2021 1:57:39 PM org.openqa.selenium.remote.ProtocolHandshake createSession
INFO: Detected dialect: W3C
Nov 22, 2021 1:57:39 PM org.openqa.selenium.devtools.CdpVersionFinder findNearestMatch
WARNING: Unable to find an exact match for CDP version 96, so returning the closest version found: 95
Nov 22, 2021 1:57:39 PM org.openqa.selenium.devtools.CdpVersionFinder findNearestMatch
INFO: Found CDP implementation for version 96 of 95
]]></system-err>
  </testcase>
  <testcase name="CheckOfficialMerchant" classname="com.mindtree.TestPack.OfficialMerchantTest" time="15.1">
    <system-out><![CDATA[11-22-2021 13:57:56 GiftCardTest.java INFO  [main] reusablecomponents.Base 85 - driver closed
chrome
11-22-2021 13:57:59 OfficialMerchantTest.java INFO  [main] reusablecomponents.Base 37 - 
11-22-2021 13:58:06 OfficialMerchantTest.java INFO  [main] reusablecomponents.Base 39 - Gifts Online - Send Unique, Unusual Gifts in India, Buy Gifts– Bigsmall.in
11-22-2021 13:58:06 OfficialMerchantTest.java INFO  [main] reusablecomponents.Base 51 - Class Instantiated
11-22-2021 13:58:06 OfficialMerchantTest.java INFO  [main] reusablecomponents.Base 56 - TOtal number of links are:5
11-22-2021 13:58:08 OfficialMerchantTest.java INFO  [main] reusablecomponents.Base 65 - Gifts Online - Send Unique, Unusual Gifts in India, Buy Gifts– Bigsmall.in
11-22-2021 13:58:08 OfficialMerchantTest.java INFO  [main] reusablecomponents.Base 70 - Handling Multiple Windows
11-22-2021 13:58:08 OfficialMerchantTest.java INFO  [main] reusablecomponents.Base 77 - Parent Window
11-22-2021 13:58:08 OfficialMerchantTest.java INFO  [main] reusablecomponents.Base 80 - Parent Window Opened
11-22-2021 13:58:08 OfficialMerchantTest.java INFO  [main] reusablecomponents.Base 82 - Parent window Text Asserted
11-22-2021 13:58:08 OfficialMerchantTest.java INFO  [main] reusablecomponents.Base 85 - Child Window1
11-22-2021 13:58:08 OfficialMerchantTest.java INFO  [main] reusablecomponents.Base 87 - Child1 Window Opened
11-22-2021 13:58:16 OfficialMerchantTest.java INFO  [main] reusablecomponents.Base 93 - Product displayed in Disney Merchandise - Buy Official Disney Merchandise Toys Online[2021]– Bigsmall.in Child Window
11-22-2021 13:58:16 OfficialMerchantTest.java INFO  [main] reusablecomponents.Base 97 - Child Window2
11-22-2021 13:58:16 OfficialMerchantTest.java INFO  [main] reusablecomponents.Base 99 - 2Child Window Opened
11-22-2021 13:58:18 OfficialMerchantTest.java INFO  [main] reusablecomponents.Base 105 - Product displayed in Official Funko POP Merchandise - Gift For Funko Pop Action Figures Fan– Bigsmall.in Child Window
11-22-2021 13:58:18 OfficialMerchantTest.java INFO  [main] reusablecomponents.Base 109 - Child Window3
11-22-2021 13:58:18 OfficialMerchantTest.java INFO  [main] reusablecomponents.Base 111 - 3Child Window Opened
11-22-2021 13:58:20 OfficialMerchantTest.java INFO  [main] reusablecomponents.Base 117 - Product displayed in Marvel Merchandise - Buy Official Marvel Merchandise Toys Online– Bigsmall.in Child Window
11-22-2021 13:58:20 OfficialMerchantTest.java INFO  [main] reusablecomponents.Base 121 - Child Window3
11-22-2021 13:58:20 OfficialMerchantTest.java INFO  [main] reusablecomponents.Base 123 - 4Child Window Opened
11-22-2021 13:58:20 OfficialMerchantTest.java INFO  [main] reusablecomponents.Base 129 - Product displayed in Harry Potter Merchandise - Buy Harry Potter Gifts Online in India– Bigsmall.in Child Window
]]></system-out>
    <system-err><![CDATA[Starting ChromeDriver 96.0.4664.45 (76e4c1bb2ab4671b8beba3444e61c0f17584b2fc-refs/branch-heads/4664@{#947}) on port 53743
Only local connections are allowed.
Please see https://chromedriver.chromium.org/security-considerations for suggestions on keeping ChromeDriver safe.
ChromeDriver was started successfully.
Nov 22, 2021 1:57:59 PM org.openqa.selenium.remote.ProtocolHandshake createSession
INFO: Detected dialect: W3C
Nov 22, 2021 1:57:59 PM org.openqa.selenium.devtools.CdpVersionFinder findNearestMatch
WARNING: Unable to find an exact match for CDP version 96, so returning the closest version found: 95
Nov 22, 2021 1:57:59 PM org.openqa.selenium.devtools.CdpVersionFinder findNearestMatch
INFO: Found CDP implementation for version 96 of 95
]]></system-err>
  </testcase>
</testsuite>