<?xml version="1.0" encoding="UTF-8"?>
<testng-results ignored="0" total="10" passed="9" failed="1" skipped="0">
  <reporter-output>
  </reporter-output>
  <suite started-at="2021-11-22T13:54:15 IST" name="Suite" finished-at="2021-11-22T13:58:23 IST" duration-ms="247559">
    <groups>
    </groups>
    <test started-at="2021-11-22T13:54:15 IST" name="Test" finished-at="2021-11-22T13:58:23 IST" duration-ms="247559">
      <class name="com.mindtree.TestPack.HeaderLinkTest">
        <test-method is-config="true" signature="beforeExecution()[pri:0, instance:com.mindtree.TestPack.HeaderLinkTest@cc83a2b3]" started-at="2021-11-22T13:57:12 IST" name="beforeExecution" finished-at="2021-11-22T13:57:22 IST" duration-ms="10093" status="PASS">
          <reporter-output>
          </reporter-output>
        </test-method> <!-- beforeExecution -->
        <test-method signature="HeaderLinkTestMethod()[pri:6, instance:com.mindtree.TestPack.HeaderLinkTest@cc83a2b3]" started-at="2021-11-22T13:57:22 IST" name="HeaderLinkTestMethod" finished-at="2021-11-22T13:57:35 IST" duration-ms="12278" status="PASS">
          <reporter-output>
          </reporter-output>
        </test-method> <!-- HeaderLinkTestMethod -->
        <test-method is-config="true" signature="close()[pri:0, instance:com.mindtree.TestPack.HeaderLinkTest@cc83a2b3]" started-at="2021-11-22T13:57:35 IST" name="close" finished-at="2021-11-22T13:57:36 IST" duration-ms="1477" status="PASS">
          <reporter-output>
          </reporter-output>
        </test-method> <!-- close -->
      </class> <!-- com.mindtree.TestPack.HeaderLinkTest -->
      <class name="com.mindtree.TestPack.CartTest">
        <test-method is-config="true" signature="beforeExecution()[pri:0, instance:com.mindtree.TestPack.CartTest@a89366a7]" started-at="2021-11-22T13:54:42 IST" name="beforeExecution" finished-at="2021-11-22T13:54:53 IST" duration-ms="11338" status="PASS">
          <reporter-output>
          </reporter-output>
        </test-method> <!-- beforeExecution -->
        <test-method signature="CartTestMethod(java.lang.String,java.lang.String,java.lang.String,java.lang.String,java.lang.String,java.lang.String)[pri:0, instance:com.mindtree.TestPack.CartTest@a89366a7]" started-at="2021-11-22T13:54:53 IST" name="CartTestMethod" data-provider="getvalue2" finished-at="2021-11-22T13:55:20 IST" duration-ms="27323" status="PASS">
          <params>
            <param index="0">
              <value>
                <![CDATA[shubhampan1411@gmail.com]]>
              </value>
            </param>
            <param index="1">
              <value>
                <![CDATA[Shubham]]>
              </value>
            </param>
            <param index="2">
              <value>
                <![CDATA[Pandey]]>
              </value>
            </param>
            <param index="3">
              <value>
                <![CDATA[Sain Vihar]]>
              </value>
            </param>
            <param index="4">
              <value>
                <![CDATA[Vijay Nagar]]>
              </value>
            </param>
            <param index="5">
              <value>
                <![CDATA[Ghaziabad]]>
              </value>
            </param>
          </params>
          <reporter-output>
          </reporter-output>
        </test-method> <!-- CartTestMethod -->
        <test-method is-config="true" signature="close()[pri:0, instance:com.mindtree.TestPack.CartTest@a89366a7]" started-at="2021-11-22T13:55:20 IST" name="close" finished-at="2021-11-22T13:55:21 IST" duration-ms="373" status="PASS">
          <reporter-output>
          </reporter-output>
        </test-method> <!-- close -->
      </class> <!-- com.mindtree.TestPack.CartTest -->
      <class name="com.mindtree.TestPack.MerchandizeTest">
        <test-method is-config="true" signature="beforeExecution()[pri:0, instance:com.mindtree.TestPack.MerchandizeTest@49ef00f2]" started-at="2021-11-22T13:56:46 IST" name="beforeExecution" finished-at="2021-11-22T13:56:56 IST" duration-ms="9730" status="PASS">
          <reporter-output>
          </reporter-output>
        </test-method> <!-- beforeExecution -->
        <test-method signature="MerchandizeTestMethod()[pri:2, instance:com.mindtree.TestPack.MerchandizeTest@49ef00f2]" started-at="2021-11-22T13:56:56 IST" name="MerchandizeTestMethod" finished-at="2021-11-22T13:57:08 IST" duration-ms="12357" status="PASS">
          <reporter-output>
          </reporter-output>
        </test-method> <!-- MerchandizeTestMethod -->
        <test-method is-config="true" signature="close()[pri:0, instance:com.mindtree.TestPack.MerchandizeTest@49ef00f2]" started-at="2021-11-22T13:57:08 IST" name="close" finished-at="2021-11-22T13:57:12 IST" duration-ms="4478" status="PASS">
          <reporter-output>
          </reporter-output>
        </test-method> <!-- close -->
      </class> <!-- com.mindtree.TestPack.MerchandizeTest -->
      <class name="com.mindtree.TestPack.CodTest">
        <test-method is-config="true" signature="beforeExecution()[pri:0, instance:com.mindtree.TestPack.CodTest@571fee77]" started-at="2021-11-22T13:55:21 IST" name="beforeExecution" finished-at="2021-11-22T13:55:32 IST" duration-ms="11268" status="PASS">
          <reporter-output>
          </reporter-output>
        </test-method> <!-- beforeExecution -->
        <test-method signature="CodCheckMethod()[pri:9, instance:com.mindtree.TestPack.CodTest@571fee77]" started-at="2021-11-22T13:55:32 IST" name="CodCheckMethod" finished-at="2021-11-22T13:55:41 IST" duration-ms="8948" status="PASS">
          <reporter-output>
          </reporter-output>
        </test-method> <!-- CodCheckMethod -->
        <test-method is-config="true" signature="close()[pri:0, instance:com.mindtree.TestPack.CodTest@571fee77]" started-at="2021-11-22T13:55:41 IST" name="close" finished-at="2021-11-22T13:55:41 IST" duration-ms="521" status="PASS">
          <reporter-output>
          </reporter-output>
        </test-method> <!-- close -->
      </class> <!-- com.mindtree.TestPack.CodTest -->
      <class name="com.mindtree.TestPack.ContactTest">
        <test-method is-config="true" signature="beforeExecution()[pri:0, instance:com.mindtree.TestPack.ContactTest@ea15093c]" started-at="2021-11-22T13:55:42 IST" name="beforeExecution" finished-at="2021-11-22T13:55:53 IST" duration-ms="10956" status="PASS">
          <reporter-output>
          </reporter-output>
        </test-method> <!-- beforeExecution -->
        <test-method signature="ContactTestMethod(java.lang.String,java.lang.String,java.lang.String)[pri:0, instance:com.mindtree.TestPack.ContactTest@ea15093c]" started-at="2021-11-22T13:55:53 IST" name="ContactTestMethod" data-provider="getvalue1" finished-at="2021-11-22T13:56:02 IST" duration-ms="9906" status="PASS">
          <params>
            <param index="0">
              <value>
                <![CDATA[Shubham Pandey]]>
              </value>
            </param>
            <param index="1">
              <value>
                <![CDATA[shubhampan1411@gmail.com]]>
              </value>
            </param>
            <param index="2">
              <value>
                <![CDATA[Thankyou for Giving such a good delivery services]]>
              </value>
            </param>
          </params>
          <reporter-output>
          </reporter-output>
        </test-method> <!-- ContactTestMethod -->
        <test-method is-config="true" signature="close()[pri:0, instance:com.mindtree.TestPack.ContactTest@ea15093c]" started-at="2021-11-22T13:56:02 IST" name="close" finished-at="2021-11-22T13:56:03 IST" duration-ms="279" status="PASS">
          <reporter-output>
          </reporter-output>
        </test-method> <!-- close -->
      </class> <!-- com.mindtree.TestPack.ContactTest -->
      <class name="com.mindtree.TestPack.CorporateGiftsTest">
        <test-method is-config="true" signature="beforeExecution()[pri:0, instance:com.mindtree.TestPack.CorporateGiftsTest@610bac45]" started-at="2021-11-22T13:56:03 IST" name="beforeExecution" finished-at="2021-11-22T13:56:14 IST" duration-ms="10833" status="PASS">
          <reporter-output>
          </reporter-output>
        </test-method> <!-- beforeExecution -->
        <test-method signature="CorporateGiftsTestMethod()[pri:7, instance:com.mindtree.TestPack.CorporateGiftsTest@610bac45]" started-at="2021-11-22T13:56:14 IST" name="CorporateGiftsTestMethod" finished-at="2021-11-22T13:56:24 IST" duration-ms="10588" status="PASS">
          <reporter-output>
          </reporter-output>
        </test-method> <!-- CorporateGiftsTestMethod -->
        <test-method is-config="true" signature="close()[pri:0, instance:com.mindtree.TestPack.CorporateGiftsTest@610bac45]" started-at="2021-11-22T13:56:24 IST" name="close" finished-at="2021-11-22T13:56:24 IST" duration-ms="292" status="PASS">
          <reporter-output>
          </reporter-output>
        </test-method> <!-- close -->
      </class> <!-- com.mindtree.TestPack.CorporateGiftsTest -->
      <class name="com.mindtree.TestPack.LoginTest">
        <test-method is-config="true" signature="beforeExecution()[pri:0, instance:com.mindtree.TestPack.LoginTest@5bc2a3bc]" started-at="2021-11-22T13:54:16 IST" name="beforeExecution" finished-at="2021-11-22T13:54:29 IST" duration-ms="13166" status="PASS">
          <reporter-output>
          </reporter-output>
        </test-method> <!-- beforeExecution -->
        <test-method signature="LoginTestMethod(java.lang.String,java.lang.String)[pri:0, instance:com.mindtree.TestPack.LoginTest@5bc2a3bc]" started-at="2021-11-22T13:54:29 IST" name="LoginTestMethod" data-provider="getvalue" finished-at="2021-11-22T13:54:40 IST" duration-ms="10925" status="PASS">
          <params>
            <param index="0">
              <value>
                <![CDATA[shubhampan1411@gmail.com]]>
              </value>
            </param>
            <param index="1">
              <value>
                <![CDATA[Shubham@123]]>
              </value>
            </param>
          </params>
          <reporter-output>
          </reporter-output>
        </test-method> <!-- LoginTestMethod -->
        <test-method is-config="true" signature="close()[pri:0, instance:com.mindtree.TestPack.LoginTest@5bc2a3bc]" started-at="2021-11-22T13:54:40 IST" name="close" finished-at="2021-11-22T13:54:42 IST" duration-ms="1208" status="PASS">
          <reporter-output>
          </reporter-output>
        </test-method> <!-- close -->
      </class> <!-- com.mindtree.TestPack.LoginTest -->
      <class name="com.mindtree.TestPack.GiftCardTest">
        <test-method is-config="true" signature="beforeExecution()[pri:0, instance:com.mindtree.TestPack.GiftCardTest@4edacd87]" started-at="2021-11-22T13:57:36 IST" name="beforeExecution" finished-at="2021-11-22T13:57:47 IST" duration-ms="10708" status="PASS">
          <reporter-output>
          </reporter-output>
        </test-method> <!-- beforeExecution -->
        <test-method signature="GiftCardTestMethod()[pri:4, instance:com.mindtree.TestPack.GiftCardTest@4edacd87]" started-at="2021-11-22T13:57:47 IST" name="GiftCardTestMethod" finished-at="2021-11-22T13:57:56 IST" duration-ms="8665" status="FAIL">
          <exception class="java.lang.AssertionError">
            <message>
              <![CDATA[expected [Shubham] but found [Gift Card]]]>
            </message>
            <full-stacktrace>
              <![CDATA[java.lang.AssertionError: expected [Shubham] but found [Gift Card]
at org.testng.Assert.fail(Assert.java:99)
at org.testng.Assert.failNotEquals(Assert.java:1037)
at org.testng.Assert.assertEqualsImpl(Assert.java:140)
at org.testng.Assert.assertEquals(Assert.java:122)
at org.testng.Assert.assertEquals(Assert.java:629)
at org.testng.Assert.assertEquals(Assert.java:639)
at com.mindtree.TestPack.GiftCardTest.GiftCardTestMethod(GiftCardTest.java:71)
at java.base/jdk.internal.reflect.NativeMethodAccessorImpl.invoke0(Native Method)
at java.base/jdk.internal.reflect.NativeMethodAccessorImpl.invoke(NativeMethodAccessorImpl.java:62)
at java.base/jdk.internal.reflect.DelegatingMethodAccessorImpl.invoke(DelegatingMethodAccessorImpl.java:43)
at java.base/java.lang.reflect.Method.invoke(Method.java:566)
at org.testng.internal.MethodInvocationHelper.invokeMethod(MethodInvocationHelper.java:133)
at org.testng.internal.TestInvoker.invokeMethod(TestInvoker.java:598)
at org.testng.internal.TestInvoker.invokeTestMethod(TestInvoker.java:173)
at org.testng.internal.MethodRunner.runInSequence(MethodRunner.java:46)
at org.testng.internal.TestInvoker$MethodInvocationAgent.invoke(TestInvoker.java:824)
at org.testng.internal.TestInvoker.invokeTestMethods(TestInvoker.java:146)
at org.testng.internal.TestMethodWorker.invokeTestMethods(TestMethodWorker.java:146)
at org.testng.internal.TestMethodWorker.run(TestMethodWorker.java:128)
at org.testng.TestRunner$$Lambda$461/0x0000000000000000.accept(Unknown Source)
at java.base/java.util.ArrayList.forEach(ArrayList.java:1541)
at org.testng.TestRunner.privateRun(TestRunner.java:794)
at org.testng.TestRunner.run(TestRunner.java:596)
at org.testng.SuiteRunner.runTest(SuiteRunner.java:377)
at org.testng.SuiteRunner.runSequentially(SuiteRunner.java:371)
at org.testng.SuiteRunner.privateRun(SuiteRunner.java:332)
at org.testng.SuiteRunner.run(SuiteRunner.java:276)
at org.testng.SuiteRunnerWorker.runSuite(SuiteRunnerWorker.java:53)
at org.testng.SuiteRunnerWorker.run(SuiteRunnerWorker.java:96)
at org.testng.TestNG.runSuitesSequentially(TestNG.java:1212)
at org.testng.TestNG.runSuitesLocally(TestNG.java:1134)
at org.testng.TestNG.runSuites(TestNG.java:1063)
at org.testng.TestNG.run(TestNG.java:1031)
at org.apache.maven.surefire.testng.TestNGExecutor.run(TestNGExecutor.java:284)
at org.apache.maven.surefire.testng.TestNGXmlTestSuite.execute(TestNGXmlTestSuite.java:75)
at org.apache.maven.surefire.testng.TestNGProvider.invoke(TestNGProvider.java:119)
at org.apache.maven.surefire.booter.ForkedBooter.runSuitesInProcess(ForkedBooter.java:428)
at org.apache.maven.surefire.booter.ForkedBooter.execute(ForkedBooter.java:162)
at org.apache.maven.surefire.booter.ForkedBooter.run(ForkedBooter.java:562)
at org.apache.maven.surefire.booter.ForkedBooter.main(ForkedBooter.java:548)
]]>
            </full-stacktrace>
          </exception> <!-- java.lang.AssertionError -->
          <reporter-output>
          </reporter-output>
        </test-method> <!-- GiftCardTestMethod -->
        <test-method is-config="true" signature="close()[pri:0, instance:com.mindtree.TestPack.GiftCardTest@4edacd87]" started-at="2021-11-22T13:57:56 IST" name="close" finished-at="2021-11-22T13:57:56 IST" duration-ms="531" status="PASS">
          <reporter-output>
          </reporter-output>
        </test-method> <!-- close -->
      </class> <!-- com.mindtree.TestPack.GiftCardTest -->
      <class name="com.mindtree.TestPack.OfficialMerchantTest">
        <test-method is-config="true" signature="beforeExecution()[pri:0, instance:com.mindtree.TestPack.OfficialMerchantTest@9307f4ff]" started-at="2021-11-22T13:57:56 IST" name="beforeExecution" finished-at="2021-11-22T13:58:06 IST" duration-ms="10040" status="PASS">
          <reporter-output>
          </reporter-output>
        </test-method> <!-- beforeExecution -->
        <test-method signature="CheckOfficialMerchant()[pri:3, instance:com.mindtree.TestPack.OfficialMerchantTest@9307f4ff]" started-at="2021-11-22T13:58:06 IST" name="CheckOfficialMerchant" finished-at="2021-11-22T13:58:21 IST" duration-ms="15097" status="PASS">
          <reporter-output>
          </reporter-output>
        </test-method> <!-- CheckOfficialMerchant -->
        <test-method is-config="true" signature="close()[pri:0, instance:com.mindtree.TestPack.OfficialMerchantTest@9307f4ff]" started-at="2021-11-22T13:58:21 IST" name="close" finished-at="2021-11-22T13:58:23 IST" duration-ms="1467" status="PASS">
          <reporter-output>
          </reporter-output>
        </test-method> <!-- close -->
      </class> <!-- com.mindtree.TestPack.OfficialMerchantTest -->
      <class name="com.mindtree.TestPack.LatestProductTest">
        <test-method is-config="true" signature="beforeExecution()[pri:0, instance:com.mindtree.TestPack.LatestProductTest@dec7cb54]" started-at="2021-11-22T13:56:24 IST" name="beforeExecution" finished-at="2021-11-22T13:56:35 IST" duration-ms="10953" status="PASS">
          <reporter-output>
          </reporter-output>
        </test-method> <!-- beforeExecution -->
        <test-method signature="LatestProductTestMethod()[pri:5, instance:com.mindtree.TestPack.LatestProductTest@dec7cb54]" started-at="2021-11-22T13:56:35 IST" name="LatestProductTestMethod" finished-at="2021-11-22T13:56:45 IST" duration-ms="9581" status="PASS">
          <reporter-output>
          </reporter-output>
        </test-method> <!-- LatestProductTestMethod -->
        <test-method is-config="true" signature="close()[pri:0, instance:com.mindtree.TestPack.LatestProductTest@dec7cb54]" started-at="2021-11-22T13:56:45 IST" name="close" finished-at="2021-11-22T13:56:46 IST" duration-ms="772" status="PASS">
          <reporter-output>
          </reporter-output>
        </test-method> <!-- close -->
      </class> <!-- com.mindtree.TestPack.LatestProductTest -->
    </test> <!-- Test -->
  </suite> <!-- Suite -->
</testng-results>
