-------------------------------------------------------------------------------
Test set: TestSuite
-------------------------------------------------------------------------------
Tests run: 10, Failures: 1, Errors: 0, Skipped: 0, Time elapsed: 250.252 s <<< FAILURE! - in TestSuite
com.mindtree.TestPack.GiftCardTest.GiftCardTestMethod  Time elapsed: 8.658 s  <<< FAILURE!
java.lang.AssertionError: expected [Shubham] but found [Gift Card]
	at com.mindtree.TestPack.GiftCardTest.GiftCardTestMethod(GiftCardTest.java:71)

