<?xml version="1.0" encoding="UTF-8"?>
<testng-results ignored="0" total="1" passed="1" failed="0" skipped="0">
  <reporter-output>
  </reporter-output>
  <suite started-at="2021-11-22T13:52:42 IST" name="Default suite" finished-at="2021-11-22T13:53:27 IST" duration-ms="45299">
    <groups>
    </groups>
    <test started-at="2021-11-22T13:52:42 IST" name="Default test" finished-at="2021-11-22T13:53:27 IST" duration-ms="45299">
      <class name="com.mindtree.TestPack.CartTest">
        <test-method is-config="true" signature="beforeExecution()[pri:0, instance:com.mindtree.TestPack.CartTest@ee73fc]" started-at="2021-11-22T13:52:43 IST" name="beforeExecution" finished-at="2021-11-22T13:52:57 IST" duration-ms="13924" status="PASS">
          <reporter-output>
          </reporter-output>
        </test-method> <!-- beforeExecution -->
        <test-method signature="CartTestMethod(java.lang.String,java.lang.String,java.lang.String,java.lang.String,java.lang.String,java.lang.String)[pri:0, instance:com.mindtree.TestPack.CartTest@ee73fc]" started-at="2021-11-22T13:52:57 IST" name="CartTestMethod" data-provider="getvalue2" finished-at="2021-11-22T13:53:26 IST" duration-ms="28683" status="PASS">
          <params>
            <param index="0">
              <value>
                <![CDATA[shubhampan1411@gmail.com]]>
              </value>
            </param>
            <param index="1">
              <value>
                <![CDATA[Shubham]]>
              </value>
            </param>
            <param index="2">
              <value>
                <![CDATA[Pandey]]>
              </value>
            </param>
            <param index="3">
              <value>
                <![CDATA[Sain Vihar]]>
              </value>
            </param>
            <param index="4">
              <value>
                <![CDATA[Vijay Nagar]]>
              </value>
            </param>
            <param index="5">
              <value>
                <![CDATA[Ghaziabad]]>
              </value>
            </param>
          </params>
          <reporter-output>
          </reporter-output>
        </test-method> <!-- CartTestMethod -->
        <test-method is-config="true" signature="close()[pri:0, instance:com.mindtree.TestPack.CartTest@ee73fc]" started-at="2021-11-22T13:53:26 IST" name="close" finished-at="2021-11-22T13:53:27 IST" duration-ms="1610" status="PASS">
          <reporter-output>
          </reporter-output>
        </test-method> <!-- close -->
      </class> <!-- com.mindtree.TestPack.CartTest -->
    </test> <!-- Default test -->
  </suite> <!-- Default suite -->
</testng-results>
